0 info it worked if it ends with ok
1 verbose cli [ '/usr/local/Cellar/nvm/0.25.4/versions/node/v5.4.1/bin/node',
1 verbose cli   '/usr/local/opt/nvm/versions/node/v5.4.1/bin/npm',
1 verbose cli   'install',
1 verbose cli   'koa-views',
1 verbose cli   '--save-dev' ]
2 info using npm@3.3.12
3 info using node@v5.4.1
4 silly loadCurrentTree Starting
5 silly install loadCurrentTree
6 silly install readLocalPackageData
7 silly fetchPackageMetaData koa-views
8 silly fetchNamedPackageData koa-views
9 silly mapToRegistry name koa-views
10 silly mapToRegistry using default registry
11 silly mapToRegistry registry https://registry.npm.taobao.org/
12 silly mapToRegistry uri https://registry.npm.taobao.org/koa-views
13 verbose request uri https://registry.npm.taobao.org/koa-views
14 verbose request no auth needed
15 info attempt registry request try #1 at 5:13:28 PM
16 verbose request id 9d6b720d3688a6ca
17 verbose etag "4f7f-8CWs3n0pi/k8fDwtY/rQHQ"
18 http request GET https://registry.npm.taobao.org/koa-views
19 http 304 https://registry.npm.taobao.org/koa-views
20 verbose headers { date: 'Mon, 01 Feb 2016 09:13:28 GMT',
20 verbose headers   connection: 'keep-alive',
20 verbose headers   etag: '"4f7f-8CWs3n0pi/k8fDwtY/rQHQ"',
20 verbose headers   'x-readtime': '37' }
21 silly get cb [ 304,
21 silly get   { date: 'Mon, 01 Feb 2016 09:13:28 GMT',
21 silly get     connection: 'keep-alive',
21 silly get     etag: '"4f7f-8CWs3n0pi/k8fDwtY/rQHQ"',
21 silly get     'x-readtime': '37' } ]
22 verbose etag https://registry.npm.taobao.org/koa-views from cache
23 verbose get saving koa-views to /Users/xiedonghao/.npm/registry.npm.taobao.org/koa-views/.cache.json
24 silly install normalizeTree
25 silly loadCurrentTree Finishing
26 silly loadIdealTree Starting
27 silly install loadIdealTree
28 silly cloneCurrentTree Starting
29 silly install cloneCurrentTreeToIdealTree
30 silly cloneCurrentTree Finishing
31 silly loadShrinkwrap Starting
32 silly install loadShrinkwrap
33 silly loadShrinkwrap Finishing
34 silly loadAllDepsIntoIdealTree Starting
35 silly install loadAllDepsIntoIdealTree
36 silly resolveWithNewModule koa-views@4.0.1 checking installable status
37 silly cache add args [ 'koa-views', null ]
38 verbose cache add spec koa-views
39 silly cache add parsed spec Result {
39 silly cache add   raw: 'koa-views',
39 silly cache add   scope: null,
39 silly cache add   name: 'koa-views',
39 silly cache add   rawSpec: '',
39 silly cache add   spec: '*',
39 silly cache add   type: 'range' }
40 silly addNamed koa-views@*
41 verbose addNamed "*" is a valid semver range for koa-views
42 silly addNameRange { name: 'koa-views', range: '*', hasData: false }
43 silly mapToRegistry name koa-views
44 silly mapToRegistry using default registry
45 silly mapToRegistry registry https://registry.npm.taobao.org/
46 silly mapToRegistry uri https://registry.npm.taobao.org/koa-views
47 verbose addNameRange registry:https://registry.npm.taobao.org/koa-views not in flight; fetching
48 verbose get https://registry.npm.taobao.org/koa-views not expired, no request
49 silly addNameRange number 2 { name: 'koa-views', range: '*', hasData: true }
50 silly addNameRange versions [ 'koa-views',
50 silly addNameRange   [ '4.0.1',
50 silly addNameRange     '4.0.0',
50 silly addNameRange     '3.1.0',
50 silly addNameRange     '3.0.0',
50 silly addNameRange     '2.1.2',
50 silly addNameRange     '2.1.1',
50 silly addNameRange     '2.1.0',
50 silly addNameRange     '2.0.3',
50 silly addNameRange     '2.0.1',
50 silly addNameRange     '2.0.0',
50 silly addNameRange     '1.2.1',
50 silly addNameRange     '1.2.0',
50 silly addNameRange     '1.1.0',
50 silly addNameRange     '1.0.0' ] ]
51 silly addNamed koa-views@4.0.1
52 verbose addNamed "4.0.1" is a plain semver version for koa-views
53 silly cache afterAdd koa-views@4.0.1
54 verbose afterAdd /Users/xiedonghao/.npm/koa-views/4.0.1/package/package.json not in flight; writing
55 verbose afterAdd /Users/xiedonghao/.npm/koa-views/4.0.1/package/package.json written
56 silly fetchNamedPackageData @f/defaults
57 silly mapToRegistry name @f/defaults
58 silly mapToRegistry scope (from package name) @f
59 verbose mapToRegistry no registry URL found in name for scope @f
60 silly mapToRegistry using default registry
61 silly mapToRegistry registry https://registry.npm.taobao.org/
62 silly mapToRegistry uri https://registry.npm.taobao.org/@f%2fdefaults
63 silly fetchNamedPackageData co-views
64 silly mapToRegistry name co-views
65 silly mapToRegistry using default registry
66 silly mapToRegistry registry https://registry.npm.taobao.org/
67 silly mapToRegistry uri https://registry.npm.taobao.org/co-views
68 silly fetchNamedPackageData koa-send
69 silly mapToRegistry name koa-send
70 silly mapToRegistry using default registry
71 silly mapToRegistry registry https://registry.npm.taobao.org/
72 silly mapToRegistry uri https://registry.npm.taobao.org/koa-send
73 verbose request uri https://registry.npm.taobao.org/@f%2fdefaults
74 verbose request no auth needed
75 info attempt registry request try #1 at 5:13:28 PM
76 http request GET https://registry.npm.taobao.org/@f%2fdefaults
77 verbose request uri https://registry.npm.taobao.org/co-views
78 verbose request no auth needed
79 info attempt registry request try #1 at 5:13:28 PM
80 verbose etag "2d64-i21pfh1Ock6EZ7vWxwvesg"
81 http request GET https://registry.npm.taobao.org/co-views
82 verbose request uri https://registry.npm.taobao.org/koa-send
83 verbose request no auth needed
84 info attempt registry request try #1 at 5:13:28 PM
85 verbose etag "77bd-bvZGT7tzrJ/Yn//a8jRXdg"
86 http request GET https://registry.npm.taobao.org/koa-send
87 http 304 https://registry.npm.taobao.org/koa-send
88 verbose headers { date: 'Mon, 01 Feb 2016 09:13:29 GMT',
88 verbose headers   connection: 'keep-alive',
88 verbose headers   etag: '"77bd-bvZGT7tzrJ/Yn//a8jRXdg"',
88 verbose headers   'x-readtime': '24' }
89 silly get cb [ 304,
89 silly get   { date: 'Mon, 01 Feb 2016 09:13:29 GMT',
89 silly get     connection: 'keep-alive',
89 silly get     etag: '"77bd-bvZGT7tzrJ/Yn//a8jRXdg"',
89 silly get     'x-readtime': '24' } ]
90 verbose etag https://registry.npm.taobao.org/koa-send from cache
91 verbose get saving koa-send to /Users/xiedonghao/.npm/registry.npm.taobao.org/koa-send/.cache.json
92 silly resolveWithNewModule koa-send@3.1.0 checking installable status
93 silly cache add args [ 'koa-send@^3.1.0', null ]
94 verbose cache add spec koa-send@^3.1.0
95 silly cache add parsed spec Result {
95 silly cache add   raw: 'koa-send@^3.1.0',
95 silly cache add   scope: null,
95 silly cache add   name: 'koa-send',
95 silly cache add   rawSpec: '^3.1.0',
95 silly cache add   spec: '>=3.1.0 <4.0.0',
95 silly cache add   type: 'range' }
96 silly addNamed koa-send@>=3.1.0 <4.0.0
97 verbose addNamed ">=3.1.0 <4.0.0" is a valid semver range for koa-send
98 silly addNameRange { name: 'koa-send', range: '>=3.1.0 <4.0.0', hasData: false }
99 silly mapToRegistry name koa-send
100 silly mapToRegistry using default registry
101 silly mapToRegistry registry https://registry.npm.taobao.org/
102 silly mapToRegistry uri https://registry.npm.taobao.org/koa-send
103 verbose addNameRange registry:https://registry.npm.taobao.org/koa-send not in flight; fetching
104 verbose get https://registry.npm.taobao.org/koa-send not expired, no request
105 silly addNameRange number 2 { name: 'koa-send', range: '>=3.1.0 <4.0.0', hasData: true }
106 silly addNameRange versions [ 'koa-send',
106 silly addNameRange   [ '3.1.0',
106 silly addNameRange     '3.0.1',
106 silly addNameRange     '2.0.2',
106 silly addNameRange     '3.0.0',
106 silly addNameRange     '2.0.1',
106 silly addNameRange     '2.0.0',
106 silly addNameRange     '1.3.1',
106 silly addNameRange     '1.3.0',
106 silly addNameRange     '1.2.4',
106 silly addNameRange     '1.2.3',
106 silly addNameRange     '1.2.2',
106 silly addNameRange     '1.2.1',
106 silly addNameRange     '1.2.0',
106 silly addNameRange     '1.1.2',
106 silly addNameRange     '1.1.1',
106 silly addNameRange     '1.0.0' ] ]
107 silly addNamed koa-send@3.1.0
108 verbose addNamed "3.1.0" is a plain semver version for koa-send
109 silly cache afterAdd koa-send@3.1.0
110 verbose afterAdd /Users/xiedonghao/.npm/koa-send/3.1.0/package/package.json not in flight; writing
111 verbose afterAdd /Users/xiedonghao/.npm/koa-send/3.1.0/package/package.json written
112 http 304 https://registry.npm.taobao.org/co-views
113 verbose headers { date: 'Mon, 01 Feb 2016 09:13:29 GMT',
113 verbose headers   connection: 'keep-alive',
113 verbose headers   etag: '"2d64-i21pfh1Ock6EZ7vWxwvesg"',
113 verbose headers   'x-readtime': '41' }
114 silly get cb [ 304,
114 silly get   { date: 'Mon, 01 Feb 2016 09:13:29 GMT',
114 silly get     connection: 'keep-alive',
114 silly get     etag: '"2d64-i21pfh1Ock6EZ7vWxwvesg"',
114 silly get     'x-readtime': '41' } ]
115 verbose etag https://registry.npm.taobao.org/co-views from cache
116 verbose get saving co-views to /Users/xiedonghao/.npm/registry.npm.taobao.org/co-views/.cache.json
117 silly resolveWithNewModule co-views@2.1.0 checking installable status
118 silly cache add args [ 'co-views@^2.1.0', null ]
119 verbose cache add spec co-views@^2.1.0
120 silly cache add parsed spec Result {
120 silly cache add   raw: 'co-views@^2.1.0',
120 silly cache add   scope: null,
120 silly cache add   name: 'co-views',
120 silly cache add   rawSpec: '^2.1.0',
120 silly cache add   spec: '>=2.1.0 <3.0.0',
120 silly cache add   type: 'range' }
121 silly addNamed co-views@>=2.1.0 <3.0.0
122 verbose addNamed ">=2.1.0 <3.0.0" is a valid semver range for co-views
123 silly addNameRange { name: 'co-views', range: '>=2.1.0 <3.0.0', hasData: false }
124 silly mapToRegistry name co-views
125 silly mapToRegistry using default registry
126 silly mapToRegistry registry https://registry.npm.taobao.org/
127 silly mapToRegistry uri https://registry.npm.taobao.org/co-views
128 verbose addNameRange registry:https://registry.npm.taobao.org/co-views not in flight; fetching
129 verbose get https://registry.npm.taobao.org/co-views not expired, no request
130 silly addNameRange number 2 { name: 'co-views', range: '>=2.1.0 <3.0.0', hasData: true }
131 silly addNameRange versions [ 'co-views',
131 silly addNameRange   [ '2.1.0', '2.0.0', '1.0.0', '0.3.0', '0.2.0', '0.1.0', '0.0.1' ] ]
132 silly addNamed co-views@2.1.0
133 verbose addNamed "2.1.0" is a plain semver version for co-views
134 silly cache afterAdd co-views@2.1.0
135 verbose afterAdd /Users/xiedonghao/.npm/co-views/2.1.0/package/package.json not in flight; writing
136 verbose afterAdd /Users/xiedonghao/.npm/co-views/2.1.0/package/package.json written
137 http 404 https://registry.npm.taobao.org/@f%2fdefaults
138 verbose headers { date: 'Mon, 01 Feb 2016 09:13:29 GMT',
138 verbose headers   'content-type': 'application/json; charset=utf-8',
138 verbose headers   'content-length': '51',
138 verbose headers   connection: 'keep-alive',
138 verbose headers   'x-readtime': '106' }
139 silly get cb [ 404,
139 silly get   { date: 'Mon, 01 Feb 2016 09:13:29 GMT',
139 silly get     'content-type': 'application/json; charset=utf-8',
139 silly get     'content-length': '51',
139 silly get     connection: 'keep-alive',
139 silly get     'x-readtime': '106' } ]
140 silly fetchPackageMetaData Error: 404 Not Found: @f/defaults
140 silly fetchPackageMetaData     at makeError (/usr/local/Cellar/nvm/0.25.4/versions/node/v5.4.1/lib/node_modules/npm/node_modules/npm-registry-client/lib/request.js:264:12)
140 silly fetchPackageMetaData     at CachingRegistryClient.<anonymous> (/usr/local/Cellar/nvm/0.25.4/versions/node/v5.4.1/lib/node_modules/npm/node_modules/npm-registry-client/lib/request.js:250:14)
140 silly fetchPackageMetaData     at Request._callback (/usr/local/Cellar/nvm/0.25.4/versions/node/v5.4.1/lib/node_modules/npm/node_modules/npm-registry-client/lib/request.js:172:14)
140 silly fetchPackageMetaData     at Request.self.callback (/usr/local/Cellar/nvm/0.25.4/versions/node/v5.4.1/lib/node_modules/npm/node_modules/request/request.js:198:22)
140 silly fetchPackageMetaData     at emitTwo (events.js:87:13)
140 silly fetchPackageMetaData     at Request.emit (events.js:172:7)
140 silly fetchPackageMetaData     at Request.<anonymous> (/usr/local/Cellar/nvm/0.25.4/versions/node/v5.4.1/lib/node_modules/npm/node_modules/request/request.js:1082:10)
140 silly fetchPackageMetaData     at emitOne (events.js:82:20)
140 silly fetchPackageMetaData     at Request.emit (events.js:169:7)
140 silly fetchPackageMetaData     at IncomingMessage.<anonymous> (/usr/local/Cellar/nvm/0.25.4/versions/node/v5.4.1/lib/node_modules/npm/node_modules/request/request.js:1009:12)
140 silly fetchPackageMetaData  error for @f/defaults@^1.0.1 { [Error: 404 Not Found: @f/defaults] pkgid: '@f/defaults', statusCode: 404, code: 'E404' }
141 silly rollbackFailedOptional Starting
142 silly rollbackFailedOptional Finishing
143 silly runTopLevelLifecycles Starting
144 silly runTopLevelLifecycles Finishing
145 silly install printInstalled
146 verbose stack Error: 404 Not Found: @f/defaults
146 verbose stack     at makeError (/usr/local/Cellar/nvm/0.25.4/versions/node/v5.4.1/lib/node_modules/npm/node_modules/npm-registry-client/lib/request.js:264:12)
146 verbose stack     at CachingRegistryClient.<anonymous> (/usr/local/Cellar/nvm/0.25.4/versions/node/v5.4.1/lib/node_modules/npm/node_modules/npm-registry-client/lib/request.js:250:14)
146 verbose stack     at Request._callback (/usr/local/Cellar/nvm/0.25.4/versions/node/v5.4.1/lib/node_modules/npm/node_modules/npm-registry-client/lib/request.js:172:14)
146 verbose stack     at Request.self.callback (/usr/local/Cellar/nvm/0.25.4/versions/node/v5.4.1/lib/node_modules/npm/node_modules/request/request.js:198:22)
146 verbose stack     at emitTwo (events.js:87:13)
146 verbose stack     at Request.emit (events.js:172:7)
146 verbose stack     at Request.<anonymous> (/usr/local/Cellar/nvm/0.25.4/versions/node/v5.4.1/lib/node_modules/npm/node_modules/request/request.js:1082:10)
146 verbose stack     at emitOne (events.js:82:20)
146 verbose stack     at Request.emit (events.js:169:7)
146 verbose stack     at IncomingMessage.<anonymous> (/usr/local/Cellar/nvm/0.25.4/versions/node/v5.4.1/lib/node_modules/npm/node_modules/request/request.js:1009:12)
147 verbose statusCode 404
148 verbose pkgid @f/defaults
149 verbose cwd /Users/xiedonghao/xdh/Exercise/koa_and_react
150 error Darwin 14.5.0
151 error argv "/usr/local/Cellar/nvm/0.25.4/versions/node/v5.4.1/bin/node" "/usr/local/opt/nvm/versions/node/v5.4.1/bin/npm" "install" "koa-views" "--save-dev"
152 error node v5.4.1
153 error npm  v3.3.12
154 error code E404
155 error 404 Not Found: @f/defaults
155 error 404
155 error 404 '@f/defaults' is not in the npm registry.
155 error 404 You should bug the author to publish it (or use the name yourself!)
155 error 404 It was specified as a dependency of 'koa-views'
155 error 404
155 error 404 Note that you can also install from a
155 error 404 tarball, folder, http url, or git url.
156 verbose exit [ 1, true ]
